Not Found: /static/admin/css/dashboard.css
Not Found: /static/admin/css/base.css
Not Found: /static/admin/css/responsive.css
"GET /static/admin/css/dashboard.css HTTP/1.1" 404 179
"GET /static/admin/css/base.css HTTP/1.1" 404 179
"GET /static/admin/css/responsive.css HTTP/1.1" 404 179
Not Found: /static/admin/css/base.css
Not Found: /static/admin/css/dashboard.css
Not Found: /static/admin/css/responsive.css
"GET /static/admin/css/base.css HTTP/1.1" 404 179
"GET /static/admin/css/dashboard.css HTTP/1.1" 404 179
"GET /static/admin/css/responsive.css HTTP/1.1" 404 179
Not Found: /static/admin/css/base.css
Not Found: /static/admin/css/responsive.css
"GET /static/admin/css/base.css HTTP/1.1" 404 179
Not Found: /static/admin/css/dashboard.css
"GET /static/admin/css/responsive.css HTTP/1.1" 404 179
"GET /static/admin/css/dashboard.css HTTP/1.1" 404 179
Not Found: /static/admin/css/base.css
Not Found: /static/admin/css/dashboard.css
Not Found: /static/admin/css/responsive.css
"GET /static/admin/css/base.css HTTP/1.1" 404 179
"GET /static/admin/css/responsive.css HTTP/1.1" 404 179
"GET /static/admin/css/dashboard.css HTTP/1.1" 404 179
Not Found: /static/admin/css/base.css
Not Found: /static/admin/css/dashboard.css
Not Found: /static/admin/css/responsive.css
"GET /static/admin/css/base.css HTTP/1.1" 404 179
"GET /static/admin/css/dashboard.css HTTP/1.1" 404 179
"GET /static/admin/css/responsive.css HTTP/1.1" 404 179
Not Found: /static/admin/css/base.css
Not Found: /static/admin/css/dashboard.css
Not Found: /static/admin/css/responsive.css
"GET /static/admin/css/base.css HTTP/1.1" 404 179
"GET /static/admin/css/dashboard.css HTTP/1.1" 404 179
"GET /static/admin/css/responsive.css HTTP/1.1" 404 179
Not Found: /
"GET / HTTP/1.1" 404 179
Not Found: /static/admin/css/base.css
Not Found: /static/admin/css/dashboard.css
Not Found: /static/admin/css/responsive.css
"GET /static/admin/css/base.css HTTP/1.1" 404 179
"GET /static/admin/css/dashboard.css HTTP/1.1" 404 179
"GET /static/admin/css/responsive.css HTTP/1.1" 404 179
Internal Server Error: /admin/help_bot/statisticattendance/
Traceback (most recent call last):
  File "/home/bequite/PycharmProjects/ButonBotDjango/venv/lib/python3.7/site-packages/django/core/handlers/exception.py", line 34, in inner
    response = get_response(request)
  File "/home/bequite/PycharmProjects/ButonBotDjango/venv/lib/python3.7/site-packages/django/core/handlers/base.py", line 145, in _get_response
    response = self.process_exception_by_middleware(e, request)
  File "/home/bequite/PycharmProjects/ButonBotDjango/venv/lib/python3.7/site-packages/django/core/handlers/base.py", line 143, in _get_response
    response = response.render()
  File "/home/bequite/PycharmProjects/ButonBotDjango/venv/lib/python3.7/site-packages/django/template/response.py", line 105, in render
    self.content = self.rendered_content
  File "/home/bequite/PycharmProjects/ButonBotDjango/venv/lib/python3.7/site-packages/django/template/response.py", line 81, in rendered_content
    template = self.resolve_template(self.template_name)
  File "/home/bequite/PycharmProjects/ButonBotDjango/venv/lib/python3.7/site-packages/django/template/response.py", line 65, in resolve_template
    return get_template(template, using=self.using)
  File "/home/bequite/PycharmProjects/ButonBotDjango/venv/lib/python3.7/site-packages/django/template/loader.py", line 19, in get_template
    raise TemplateDoesNotExist(template_name, chain=chain)
django.template.exceptions.TemplateDoesNotExist: admin/help_bot/statistic_web/my_view/statistic_web_my_view.html
"GET /admin/help_bot/statisticattendance/ HTTP/1.1" 500 88416
Not Found: /favicon.ico
"GET /favicon.ico HTTP/1.1" 404 1972
Not Found: /web_chat_iframe
"GET /web_chat_iframe HTTP/1.1" 404 1984
"GET /static/css/bs_copy.css HTTP/1.1" 404 1671
"GET /static/img/restore_2D9CDB.png HTTP/1.1" 404 1692
"GET /static/img/restore.png HTTP/1.1" 404 1671
"GET /static/css/bs_copy.css HTTP/1.1" 404 1671
You're accessing the development server over HTTPS, but it only supports HTTP.

You're accessing the development server over HTTPS, but it only supports HTTP.

You're accessing the development server over HTTPS, but it only supports HTTP.

You're accessing the development server over HTTPS, but it only supports HTTP.

You're accessing the development server over HTTPS, but it only supports HTTP.

You're accessing the development server over HTTPS, but it only supports HTTP.

You're accessing the development server over HTTPS, but it only supports HTTP.

You're accessing the development server over HTTPS, but it only supports HTTP.

You're accessing the development server over HTTPS, but it only supports HTTP.

You're accessing the development server over HTTPS, but it only supports HTTP.

You're accessing the development server over HTTPS, but it only supports HTTP.

You're accessing the development server over HTTPS, but it only supports HTTP.

You're accessing the development server over HTTPS, but it only supports HTTP.

You're accessing the development server over HTTPS, but it only supports HTTP.

You're accessing the development server over HTTPS, but it only supports HTTP.

You're accessing the development server over HTTPS, but it only supports HTTP.

You're accessing the development server over HTTPS, but it only supports HTTP.

You're accessing the development server over HTTPS, but it only supports HTTP.

You're accessing the development server over HTTPS, but it only supports HTTP.

You're accessing the development server over HTTPS, but it only supports HTTP.

You're accessing the development server over HTTPS, but it only supports HTTP.

You're accessing the development server over HTTPS, but it only supports HTTP.

You're accessing the development server over HTTPS, but it only supports HTTP.

You're accessing the development server over HTTPS, but it only supports HTTP.

You're accessing the development server over HTTPS, but it only supports HTTP.

You're accessing the development server over HTTPS, but it only supports HTTP.

You're accessing the development server over HTTPS, but it only supports HTTP.

You're accessing the development server over HTTPS, but it only supports HTTP.

You're accessing the development server over HTTPS, but it only supports HTTP.

You're accessing the development server over HTTPS, but it only supports HTTP.

You're accessing the development server over HTTPS, but it only supports HTTP.

You're accessing the development server over HTTPS, but it only supports HTTP.

Not Found: /favicon.ico
"GET /favicon.ico HTTP/1.1" 404 2505
You're accessing the development server over HTTPS, but it only supports HTTP.

You're accessing the development server over HTTPS, but it only supports HTTP.

You're accessing the development server over HTTPS, but it only supports HTTP.

You're accessing the development server over HTTPS, but it only supports HTTP.

You're accessing the development server over HTTPS, but it only supports HTTP.

You're accessing the development server over HTTPS, but it only supports HTTP.

You're accessing the development server over HTTPS, but it only supports HTTP.

You're accessing the development server over HTTPS, but it only supports HTTP.

Not Found: /favicon.ico
"GET /favicon.ico HTTP/1.1" 404 2505
Internal Server Error: /admin/help_bot/statisticattendance/
Traceback (most recent call last):
  File "/home/bequite/PycharmProjects/ButonBotDjango/venv/lib/python3.7/site-packages/django/core/handlers/exception.py", line 34, in inner
    response = get_response(request)
  File "/home/bequite/PycharmProjects/ButonBotDjango/venv/lib/python3.7/site-packages/django/core/handlers/base.py", line 145, in _get_response
    response = self.process_exception_by_middleware(e, request)
  File "/home/bequite/PycharmProjects/ButonBotDjango/venv/lib/python3.7/site-packages/django/core/handlers/base.py", line 143, in _get_response
    response = response.render()
  File "/home/bequite/PycharmProjects/ButonBotDjango/venv/lib/python3.7/site-packages/django/template/response.py", line 105, in render
    self.content = self.rendered_content
  File "/home/bequite/PycharmProjects/ButonBotDjango/venv/lib/python3.7/site-packages/django/template/response.py", line 81, in rendered_content
    template = self.resolve_template(self.template_name)
  File "/home/bequite/PycharmProjects/ButonBotDjango/venv/lib/python3.7/site-packages/django/template/response.py", line 65, in resolve_template
    return get_template(template, using=self.using)
  File "/home/bequite/PycharmProjects/ButonBotDjango/venv/lib/python3.7/site-packages/django/template/loader.py", line 19, in get_template
    raise TemplateDoesNotExist(template_name, chain=chain)
django.template.exceptions.TemplateDoesNotExist: admin/help_bot/statistic_web/my_view/statistic_web_my_view.html
"GET /admin/help_bot/statisticattendance/ HTTP/1.1" 500 88553
Internal Server Error: /admin/help_bot/statisticattendance/
Traceback (most recent call last):
  File "/home/bequite/PycharmProjects/ButonBotDjango/venv/lib/python3.7/site-packages/django/core/handlers/exception.py", line 34, in inner
    response = get_response(request)
  File "/home/bequite/PycharmProjects/ButonBotDjango/venv/lib/python3.7/site-packages/django/core/handlers/base.py", line 145, in _get_response
    response = self.process_exception_by_middleware(e, request)
  File "/home/bequite/PycharmProjects/ButonBotDjango/venv/lib/python3.7/site-packages/django/core/handlers/base.py", line 143, in _get_response
    response = response.render()
  File "/home/bequite/PycharmProjects/ButonBotDjango/venv/lib/python3.7/site-packages/django/template/response.py", line 105, in render
    self.content = self.rendered_content
  File "/home/bequite/PycharmProjects/ButonBotDjango/venv/lib/python3.7/site-packages/django/template/response.py", line 81, in rendered_content
    template = self.resolve_template(self.template_name)
  File "/home/bequite/PycharmProjects/ButonBotDjango/venv/lib/python3.7/site-packages/django/template/response.py", line 65, in resolve_template
    return get_template(template, using=self.using)
  File "/home/bequite/PycharmProjects/ButonBotDjango/venv/lib/python3.7/site-packages/django/template/loader.py", line 19, in get_template
    raise TemplateDoesNotExist(template_name, chain=chain)
django.template.exceptions.TemplateDoesNotExist: admin/help_bot/statistic_web/my_view/statistic_web_my_view.html
"GET /admin/help_bot/statisticattendance/ HTTP/1.1" 500 88416
Internal Server Error: /admin/help_bot/statisticattendance/
Traceback (most recent call last):
  File "/home/bequite/PycharmProjects/ButonBotDjango/venv/lib/python3.7/site-packages/django/core/handlers/exception.py", line 34, in inner
    response = get_response(request)
  File "/home/bequite/PycharmProjects/ButonBotDjango/venv/lib/python3.7/site-packages/django/core/handlers/base.py", line 145, in _get_response
    response = self.process_exception_by_middleware(e, request)
  File "/home/bequite/PycharmProjects/ButonBotDjango/venv/lib/python3.7/site-packages/django/core/handlers/base.py", line 143, in _get_response
    response = response.render()
  File "/home/bequite/PycharmProjects/ButonBotDjango/venv/lib/python3.7/site-packages/django/template/response.py", line 105, in render
    self.content = self.rendered_content
  File "/home/bequite/PycharmProjects/ButonBotDjango/venv/lib/python3.7/site-packages/django/template/response.py", line 81, in rendered_content
    template = self.resolve_template(self.template_name)
  File "/home/bequite/PycharmProjects/ButonBotDjango/venv/lib/python3.7/site-packages/django/template/response.py", line 65, in resolve_template
    return get_template(template, using=self.using)
  File "/home/bequite/PycharmProjects/ButonBotDjango/venv/lib/python3.7/site-packages/django/template/loader.py", line 19, in get_template
    raise TemplateDoesNotExist(template_name, chain=chain)
django.template.exceptions.TemplateDoesNotExist: admin/help_bot/statistic_web/my_view/statistic_web_my_view.html
"GET /admin/help_bot/statisticattendance/ HTTP/1.1" 500 88553
Internal Server Error: /admin/help_bot/statisticattendance/
Traceback (most recent call last):
  File "/home/bequite/PycharmProjects/ButonBotDjango/venv/lib/python3.7/site-packages/django/core/handlers/exception.py", line 34, in inner
    response = get_response(request)
  File "/home/bequite/PycharmProjects/ButonBotDjango/venv/lib/python3.7/site-packages/django/core/handlers/base.py", line 145, in _get_response
    response = self.process_exception_by_middleware(e, request)
  File "/home/bequite/PycharmProjects/ButonBotDjango/venv/lib/python3.7/site-packages/django/core/handlers/base.py", line 143, in _get_response
    response = response.render()
  File "/home/bequite/PycharmProjects/ButonBotDjango/venv/lib/python3.7/site-packages/django/template/response.py", line 105, in render
    self.content = self.rendered_content
  File "/home/bequite/PycharmProjects/ButonBotDjango/venv/lib/python3.7/site-packages/django/template/response.py", line 81, in rendered_content
    template = self.resolve_template(self.template_name)
  File "/home/bequite/PycharmProjects/ButonBotDjango/venv/lib/python3.7/site-packages/django/template/response.py", line 65, in resolve_template
    return get_template(template, using=self.using)
  File "/home/bequite/PycharmProjects/ButonBotDjango/venv/lib/python3.7/site-packages/django/template/loader.py", line 19, in get_template
    raise TemplateDoesNotExist(template_name, chain=chain)
django.template.exceptions.TemplateDoesNotExist: admin/help_bot/statistic_web/my_view/statistic_web_my_view.html
"GET /admin/help_bot/statisticattendance/ HTTP/1.1" 500 88416
Internal Server Error: /admin/help_bot/needhelp/
Traceback (most recent call last):
  File "/home/bequite/PycharmProjects/ButonBotDjango/venv/lib/python3.7/site-packages/django/core/handlers/exception.py", line 34, in inner
    response = get_response(request)
  File "/home/bequite/PycharmProjects/ButonBotDjango/venv/lib/python3.7/site-packages/django/core/handlers/base.py", line 115, in _get_response
    response = self.process_exception_by_middleware(e, request)
  File "/home/bequite/PycharmProjects/ButonBotDjango/venv/lib/python3.7/site-packages/django/core/handlers/base.py", line 113, in _get_response
    response = wrapped_callback(request, *callback_args, **callback_kwargs)
  File "/home/bequite/PycharmProjects/ButonBotDjango/venv/lib/python3.7/site-packages/django/contrib/admin/options.py", line 607, in wrapper
    return self.admin_site.admin_view(view)(*args, **kwargs)
  File "/home/bequite/PycharmProjects/ButonBotDjango/venv/lib/python3.7/site-packages/django/utils/decorators.py", line 130, in _wrapped_view
    response = view_func(request, *args, **kwargs)
  File "/home/bequite/PycharmProjects/ButonBotDjango/venv/lib/python3.7/site-packages/django/views/decorators/cache.py", line 44, in _wrapped_view_func
    response = view_func(request, *args, **kwargs)
  File "/home/bequite/PycharmProjects/ButonBotDjango/venv/lib/python3.7/site-packages/django/contrib/admin/sites.py", line 231, in inner
    return view(request, *args, **kwargs)
  File "/home/bequite/PycharmProjects/ButonBotDjango/venv/lib/python3.7/site-packages/django/utils/decorators.py", line 43, in _wrapper
    return bound_method(*args, **kwargs)
  File "/home/bequite/PycharmProjects/ButonBotDjango/venv/lib/python3.7/site-packages/django/utils/decorators.py", line 130, in _wrapped_view
    response = view_func(request, *args, **kwargs)
  File "/home/bequite/PycharmProjects/ButonBotDjango/venv/lib/python3.7/site-packages/django/contrib/admin/options.py", line 1720, in changelist_view
    response = self.response_action(request, queryset=cl.get_queryset(request))
  File "/home/bequite/PycharmProjects/ButonBotDjango/venv/lib/python3.7/site-packages/django/contrib/admin/options.py", line 1390, in response_action
    response = func(self, request, queryset)
  File "/home/bequite/PycharmProjects/ButonBotDjango/venv/lib/python3.7/site-packages/mptt/admin.py", line 83, in delete_selected_tree
    n += 1
  File "/usr/lib/python3.7/contextlib.py", line 119, in __exit__
    next(self.gen)
  File "/home/bequite/PycharmProjects/ButonBotDjango/venv/lib/python3.7/site-packages/mptt/managers.py", line 367, in delay_mptt_updates
    partial_rebuild(tree_id)
  File "/home/bequite/PycharmProjects/ButonBotDjango/venv/lib/python3.7/site-packages/mptt/managers.py", line 71, in wrapped
    return method(self, *args, **kwargs)
  File "/home/bequite/PycharmProjects/ButonBotDjango/venv/lib/python3.7/site-packages/mptt/managers.py", line 672, in partial_rebuild
    " do a full rebuild." % tree_id)
RuntimeError: More than one root node with tree_id 13. That's invalid, do a full rebuild.
"POST /admin/help_bot/needhelp/ HTTP/1.1" 500 132377
Internal Server Error: /admin/help_bot/statisticattendance/
Traceback (most recent call last):
  File "/home/bequite/PycharmProjects/ButonBotDjango/venv/lib/python3.7/site-packages/django/core/handlers/exception.py", line 34, in inner
    response = get_response(request)
  File "/home/bequite/PycharmProjects/ButonBotDjango/venv/lib/python3.7/site-packages/django/core/handlers/base.py", line 145, in _get_response
    response = self.process_exception_by_middleware(e, request)
  File "/home/bequite/PycharmProjects/ButonBotDjango/venv/lib/python3.7/site-packages/django/core/handlers/base.py", line 143, in _get_response
    response = response.render()
  File "/home/bequite/PycharmProjects/ButonBotDjango/venv/lib/python3.7/site-packages/django/template/response.py", line 105, in render
    self.content = self.rendered_content
  File "/home/bequite/PycharmProjects/ButonBotDjango/venv/lib/python3.7/site-packages/django/template/response.py", line 81, in rendered_content
    template = self.resolve_template(self.template_name)
  File "/home/bequite/PycharmProjects/ButonBotDjango/venv/lib/python3.7/site-packages/django/template/response.py", line 65, in resolve_template
    return get_template(template, using=self.using)
  File "/home/bequite/PycharmProjects/ButonBotDjango/venv/lib/python3.7/site-packages/django/template/loader.py", line 19, in get_template
    raise TemplateDoesNotExist(template_name, chain=chain)
django.template.exceptions.TemplateDoesNotExist: admin/help_bot/statistic_web/my_view/statistic_web_my_view.html
"GET /admin/help_bot/statisticattendance/ HTTP/1.1" 500 88407
